<?xml version="1.0" encoding="UTF-8"?>
<testsuite name="service.ServiceImplTest" tests="5" skipped="0" failures="0" errors="0" timestamp="2022-04-13T14:28:15" hostname="UNIT-2071.local" time="0.053">
  <properties/>
  <testcase name="argumentMatching" classname="service.ServiceImplTest" time="0.029"/>
  <testcase name="complexArgMatcher" classname="service.ServiceImplTest" time="0.004"/>
  <testcase name="mockAnObjectToPassAround" classname="service.ServiceImplTest" time="0.013"/>
  <testcase name="partialMocking" classname="service.ServiceImplTest" time="0.001"/>
  <testcase name="simpleExample" classname="service.ServiceImplTest" time="0.0"/>
  <system-out><![CDATA[]]></system-out>
  <system-err><![CDATA[]]></system-err>
</testsuite>
